<?xml version="1.0" encoding="UTF-8"?>
<!-- Generated by org.testng.reporters.JUnitReportReporter -->
<testsuite hostname="Haji-Rehan" failures="0" tests="3" name="api.apiTest" time="0.005" errors="0" timestamp="2023-12-17T11:53:31 WIB" skipped="0">
  <testcase classname="api.apiTest" name="testNegativeScenario" time="0.001"/>
  <system-out/>
  <testcase classname="api.apiTest" name="testBoundaryScenario" time="0.000"/>
  <system-out/>
  <testcase classname="api.apiTest" name="testPositiveScenario" time="0.004"/>
  <system-out/>
</testsuite> <!-- api.apiTest -->
