<?xml version="1.0" encoding="UTF-8"?>
<!-- Generated by org.testng.reporters.JUnitReportReporter -->
<testsuite hostname="Haji-Rehan" failures="0" tests="7" name="api.apiTest" time="3.149" errors="0" timestamp="2023-12-17T22:17:35 WIB" skipped="0">
  <testcase classname="api.apiTest" name="updateUserWithInvalidIdTest" time="0.000"/>
  <system-out/>
  <testcase classname="api.apiTest" name="testGetListUsers" time="1.223"/>
  <system-out/>
  <testcase classname="api.apiTest" name="testPostCreateUser" time="0.933"/>
  <system-out/>
  <testcase classname="api.apiTest" name="updateUserTest" time="0.991"/>
  <system-out/>
  <testcase classname="api.apiTest" name="testPostCreateUserWithMissingName" time="0.001"/>
  <system-out/>
  <testcase classname="api.apiTest" name="testPostCreateUserWithMaxLengthName" time="0.001"/>
  <system-out/>
  <testcase classname="api.apiTest" name="updateUserWithMaxLengthNameTest" time="0.000"/>
  <system-out/>
</testsuite> <!-- api.apiTest -->
