<?xml version="1.0" encoding="UTF-8"?>
<!-- Generated by org.testng.reporters.JUnitReportReporter -->
<testsuite hostname="Haji-Rehan" failures="0" tests="9" name="tests.APITest" time="0.004" errors="0" timestamp="2023-12-11T22:25:02 WIB" skipped="0">
  <testcase classname="tests.APITest" name="testNegativeScenario" time="0.000"/>
  <system-out/>
  <testcase classname="tests.APITest" name="testNegativeScenario" time="0.000"/>
  <system-out/>
  <testcase classname="tests.APITest" name="testPositiveScenario" time="0.000"/>
  <system-out/>
  <testcase classname="tests.APITest" name="testPositiveScenario" time="0.000"/>
  <system-out/>
  <testcase classname="tests.APITest" name="testNegativeScenario" time="0.000"/>
  <system-out/>
  <testcase classname="tests.APITest" name="testPositiveScenario" time="0.000"/>
  <system-out/>
  <testcase classname="tests.APITest" name="testBoundaryScenario" time="0.000"/>
  <system-out/>
  <testcase classname="tests.APITest" name="testBoundaryScenario" time="0.004"/>
  <system-out/>
  <testcase classname="tests.APITest" name="testBoundaryScenario" time="0.000"/>
  <system-out/>
</testsuite> <!-- tests.APITest -->
